<?xml version="1.0" encoding="UTF-8"?>
<testng-results ignored="0" total="2" passed="2" failed="0" skipped="0">
  <reporter-output>
  </reporter-output>
  <suite started-at="2021-07-16T17:24:25 IST" name="Default suite" finished-at="2021-07-16T17:25:31 IST" duration-ms="66122">
    <groups>
    </groups>
    <test started-at="2021-07-16T17:24:25 IST" name="Default test" finished-at="2021-07-16T17:25:31 IST" duration-ms="66122">
      <class name="Tests_UI.Tests">
        <test-method is-config="true" signature="oneTimeSetUp()[pri:0, instance:Tests_UI.Tests@68267da0]" started-at="2021-07-16T17:24:25 IST" name="oneTimeSetUp" finished-at="2021-07-16T17:24:25 IST" duration-ms="7" status="PASS">
          <reporter-output>
          </reporter-output>
        </test-method> <!-- oneTimeSetUp -->
        <test-method is-config="true" signature="setUp()[pri:0, instance:Tests_UI.Tests@68267da0]" started-at="2021-07-16T17:24:25 IST" name="setUp" finished-at="2021-07-16T17:24:28 IST" duration-ms="2584" status="PASS">
          <reporter-output>
          </reporter-output>
        </test-method> <!-- setUp -->
        <test-method signature="flipkartPrintThePriceOfTheProduct()[pri:1, instance:Tests_UI.Tests@68267da0]" started-at="2021-07-16T17:24:28 IST" name="flipkartPrintThePriceOfTheProduct" description="Finding the total price of the Item after increasing the Quantity in Flipkart" finished-at="2021-07-16T17:24:43 IST" duration-ms="15560" status="PASS">
          <reporter-output>
          </reporter-output>
        </test-method> <!-- flipkartPrintThePriceOfTheProduct -->
        <test-method is-config="true" signature="teardown()[pri:0, instance:Tests_UI.Tests@68267da0]" started-at="2021-07-16T17:24:43 IST" name="teardown" finished-at="2021-07-16T17:24:44 IST" duration-ms="786" status="PASS">
          <reporter-output>
          </reporter-output>
        </test-method> <!-- teardown -->
        <test-method is-config="true" signature="setUp()[pri:0, instance:Tests_UI.Tests@68267da0]" started-at="2021-07-16T17:24:44 IST" name="setUp" finished-at="2021-07-16T17:24:46 IST" duration-ms="2061" status="PASS">
          <reporter-output>
          </reporter-output>
        </test-method> <!-- setUp -->
        <test-method signature="priceComparisionBetweenFlipKartAndAmazon()[pri:2, instance:Tests_UI.Tests@68267da0]" started-at="2021-07-16T17:24:46 IST" name="priceComparisionBetweenFlipKartAndAmazon" description="Comparing the price of the product between Amazon and Flipkart" finished-at="2021-07-16T17:25:30 IST" duration-ms="44207" status="PASS">
          <reporter-output>
          </reporter-output>
        </test-method> <!-- priceComparisionBetweenFlipKartAndAmazon -->
        <test-method is-config="true" signature="teardown()[pri:0, instance:Tests_UI.Tests@68267da0]" started-at="2021-07-16T17:25:30 IST" name="teardown" finished-at="2021-07-16T17:25:31 IST" duration-ms="876" status="PASS">
          <reporter-output>
          </reporter-output>
        </test-method> <!-- teardown -->
      </class> <!-- Tests_UI.Tests -->
    </test> <!-- Default test -->
  </suite> <!-- Default suite -->
</testng-results>
